<?xml version="1.0" encoding="UTF-8"?>
<!-- Generated by org.testng.reporters.JUnitReportReporter -->
<testsuite hostname="LAPTOP-NGR33FRN" name="practiceMaven.Exceptions" tests="4" failures="0" timestamp="1 Jun 2019 08:49:39 GMT" time="0.009" errors="0">
  <testcase name="arithmeticNoError" time="0.001" classname="practiceMaven.Exceptions"/>
  <testcase name="sanityTest" time="0.005" classname="practiceMaven.Exceptions"/>
  <testcase name="arithmeticError" time="0.002" classname="practiceMaven.Exceptions"/>
  <testcase name="skipMethod" time="0.001" classname="practiceMaven.Exceptions"/>
</testsuite> <!-- practiceMaven.Exceptions -->
