<?xml version="1.0" encoding="UTF-8"?>
<!-- Generated by org.testng.reporters.JUnitReportReporter -->
<testsuite hostname="LAPTOP-NGR33FRN" name="practiceMaven.EnableDisableTest" tests="1" failures="0" timestamp="1 Jun 2019 08:49:39 GMT" time="0.003" errors="0">
  <testcase name="EnabledMethod" time="0.003" classname="practiceMaven.EnableDisableTest"/>
</testsuite> <!-- practiceMaven.EnableDisableTest -->
