<?xml version="1.0" encoding="UTF-8"?>
<!-- Generated by org.testng.reporters.JUnitReportReporter -->
<testsuite hostname="LAPTOP-NGR33FRN" name="practiceMaven.PriorityTest" tests="5" failures="0" timestamp="1 Jun 2019 08:49:39 GMT" time="0.027" errors="0">
  <testcase name="search" time="0.001" classname="practiceMaven.PriorityTest"/>
  <testcase name="setup" time="0.002" classname="practiceMaven.PriorityTest"/>
  <testcase name="openBrowser" time="0.019" classname="practiceMaven.PriorityTest"/>
  <testcase name="advanceSearch" time="0.002" classname="practiceMaven.PriorityTest"/>
  <testcase name="asearch1" time="0.003" classname="practiceMaven.PriorityTest"/>
</testsuite> <!-- practiceMaven.PriorityTest -->
