<?xml version="1.0" encoding="UTF-8"?>
<!-- Generated by org.testng.reporters.JUnitReportReporter -->
<testsuite skipped="1" hostname="LAPTOP-NGR33FRN" name="practiceMaven.EnableDisableTest" tests="2" failures="0" timestamp="01 Jun 2019 14:21:30 GMT" time="0.000" errors="0">
  <testcase name="EnabledMethod" time="0.000" classname="practiceMaven.EnableDisableTest"/>
  <testcase name="disabledMethod" classname="practiceMaven.EnableDisableTest">
    <skipped/>
  </testcase> <!-- disabledMethod -->
</testsuite> <!-- practiceMaven.EnableDisableTest -->
