<?xml version="1.0" encoding="UTF-8"?>
<!-- Generated by org.testng.reporters.JUnitReportReporter -->
<testsuite skipped="0" hostname="LAPTOP-NGR33FRN" name="practiceMaven.Exceptions" tests="4" failures="0" timestamp="01 Jun 2019 14:21:30 GMT" time="0.016" errors="0">
  <testcase name="arithmeticNoError" time="0.016" classname="practiceMaven.Exceptions"/>
  <testcase name="skipMethod" time="0.000" classname="practiceMaven.Exceptions"/>
  <testcase name="sanityTest" time="0.000" classname="practiceMaven.Exceptions"/>
  <testcase name="arithmeticError" time="0.000" classname="practiceMaven.Exceptions"/>
</testsuite> <!-- practiceMaven.Exceptions -->
