<?xml version="1.0" encoding="UTF-8"?>
<!-- Generated by org.testng.reporters.JUnitReportReporter -->
<testsuite skipped="0" hostname="LAPTOP-NGR33FRN" name="practiceMaven.PriorityTest" tests="5" failures="0" timestamp="01 Jun 2019 14:21:30 GMT" time="0.015" errors="0">
  <testcase name="openBrowser" time="0.015" classname="practiceMaven.PriorityTest"/>
  <testcase name="advanceSearch" time="0.000" classname="practiceMaven.PriorityTest"/>
  <testcase name="setup" time="0.000" classname="practiceMaven.PriorityTest"/>
  <testcase name="search" time="0.000" classname="practiceMaven.PriorityTest"/>
  <testcase name="asearch1" time="0.000" classname="practiceMaven.PriorityTest"/>
</testsuite> <!-- practiceMaven.PriorityTest -->
